//it is the output fromproject_node program

[2025-06-25T06:53:32.253Z] /about GET
[2025-06-25T06:53:36.843Z] / GET
[2025-06-25T06:53:47.952Z] /log GET

//it is the output from feedback_node
[2025-06-26T18:52:39.138Z]  /feedback POST
[2025-06-26T18:54:19.104Z]  /feedback POST
[2025-06-26T18:54:23.882Z]  /feedback POST
[2025-06-26T18:55:02.298Z]  /feedback POST
[2025-06-26T18:57:11.990Z]  /feedback POST
[2025-06-26T18:57:11.996Z]  POST /feedback - Jai Akash: "This backend is awesome!"

//it is a output from todo_list
[2025-06-27T10:37:43.642Z] $(req.method) $(req.url)
[2025-06-27T10:43:43.765Z] $(req.method) $(req.url)
[2025-06-27T10:43:54.971Z] $(req.method) $(req.url)
[2025-06-27T10:46:25.438Z] $(req.method) $(req.url)
[2025-06-27T10:46:34.561Z] $(req.method) $(req.url)
[2025-06-27T10:46:42.444Z] $(req.method) $(req.url)
[2025-06-27T10:59:21.135Z] $(req.method) $(req.url)
[2025-08-17T07:56:34.034Z]  /home GET
[2025-08-17T07:56:55.826Z]  /about GET
[2025-08-17T08:00:31.154Z] $(req.method) $(req.url)
[2025-08-17T08:01:24.384Z] $(req.method) $(req.url)
[2025-08-17T08:01:42.522Z] $(req.method) $(req.url)
